Using pre-set license
Built from '2021.3/staging' branch; Version is '2021.3.11f1 (0a5ca18544bf) revision 679073'; Using compiler version '192829333'; Build Type 'Release'
OS: 'Windows 10  (10.0.19044) 64bit Core' Language: 'es' Physical Memory: 24524 MB
BatchMode: 1, IsHumanControllingUs: 0, StartBugReporterOnCrash: 0, Is64bit: 1, IsPro: 1

COMMAND LINE ARGUMENTS:
C:\Program Files\Unity\Hub\Editor\2021.3.11f1\Editor\Unity.exe
-adb2
-batchMode
-noUpm
-name
AssetImportWorker0
-projectPath
C:/Users/xjuli/Escritorio/Programacion/Unity/Reproductor
-logFile
Logs/AssetImportWorker0.log
-srvPort
51566
Successfully changed project path to: C:/Users/xjuli/Escritorio/Programacion/Unity/Reproductor
C:/Users/xjuli/Escritorio/Programacion/Unity/Reproductor
[UnityMemory] Configuration Parameters - Can be set up in boot.config
    "memorysetup-bucket-allocator-granularity=16"
    "memorysetup-bucket-allocator-bucket-count=8"
    "memorysetup-bucket-allocator-block-size=33554432"
    "memorysetup-bucket-allocator-block-count=8"
    "memorysetup-main-allocator-block-size=16777216"
    "memorysetup-thread-allocator-block-size=16777216"
    "memorysetup-gfx-main-allocator-block-size=16777216"
    "memorysetup-gfx-thread-allocator-block-size=16777216"
    "memorysetup-cache-allocator-block-size=4194304"
    "memorysetup-typetree-allocator-block-size=2097152"
    "memorysetup-profiler-bucket-allocator-granularity=16"
    "memorysetup-profiler-bucket-allocator-bucket-count=8"
    "memorysetup-profiler-bucket-allocator-block-size=33554432"
    "memorysetup-profiler-bucket-allocator-block-count=8"
    "memorysetup-profiler-allocator-block-size=16777216"
    "memorysetup-profiler-editor-allocator-block-size=1048576"
    "memorysetup-temp-allocator-size-main=16777216"
    "memorysetup-job-temp-allocator-block-size=2097152"
    "memorysetup-job-temp-allocator-block-size-background=1048576"
    "memorysetup-job-temp-allocator-reduction-small-platforms=262144"
    "memorysetup-temp-allocator-size-background-worker=32768"
    "memorysetup-temp-allocator-size-job-worker=262144"
    "memorysetup-temp-allocator-size-preload-manager=33554432"
    "memorysetup-temp-allocator-size-nav-mesh-worker=65536"
    "memorysetup-temp-allocator-size-audio-worker=65536"
    "memorysetup-temp-allocator-size-cloud-worker=32768"
    "memorysetup-temp-allocator-size-gi-baking-worker=262144"
    "memorysetup-temp-allocator-size-gfx=262144"
Refreshing native plugins compatible for Editor in 204.69 ms, found 5 plugins.
Preloading 0 native plugins for Editor in 0.00 ms.
Initialize engine version: 2021.3.11f1 (0a5ca18544bf)
[Subsystems] Discovering subsystems at path C:/Program Files/Unity/Hub/Editor/2021.3.11f1/Editor/Data/Resources/UnitySubsystems
[Subsystems] Discovering subsystems at path C:/Users/xjuli/Escritorio/Programacion/Unity/Reproductor/Assets
GfxDevice: creating device client; threaded=0; jobified=0
Direct3D:
    Version:  Direct3D 11.0 [level 11.1]
    Renderer: NVIDIA GeForce GTX 1060 6GB (ID=0x1c03)
    Vendor:   NVIDIA
    VRAM:     6043 MB
    Driver:   31.0.15.2849
Initialize mono
Mono path[0] = 'C:/Program Files/Unity/Hub/Editor/2021.3.11f1/Editor/Data/Managed'
Mono path[1] = 'C:/Program Files/Unity/Hub/Editor/2021.3.11f1/Editor/Data/MonoBleedingEdge/lib/mono/unityjit-win32'
Mono config path = 'C:/Program Files/Unity/Hub/Editor/2021.3.11f1/Editor/Data/MonoBleedingEdge/etc'
Using monoOptions --debugger-agent=transport=dt_socket,embedding=1,server=y,suspend=n,address=127.0.0.1:56108
Begin MonoManager ReloadAssembly
Registering precompiled unity dll's ...
Register platform support module: C:/Program Files/Unity/Hub/Editor/2021.3.11f1/Editor/Data/PlaybackEngines/AndroidPlayer/UnityEditor.Android.Extensions.dll
Register platform support module: C:/Program Files/Unity/Hub/Editor/2021.3.11f1/Editor/Data/PlaybackEngines/WindowsStandaloneSupport/UnityEditor.WindowsStandalone.Extensions.dll
Registered in 0.025725 seconds.
Native extension for WindowsStandalone target not found
Native extension for Android target not found
Refreshing native plugins compatible for Editor in 204.99 ms, found 5 plugins.
Preloading 0 native plugins for Editor in 0.00 ms.
Mono: successfully reloaded assembly
- Completed reload, in  1.534 seconds
Domain Reload Profiling:
	ReloadAssembly (1535ms)
		BeginReloadAssembly (223ms)
			ExecutionOrderSort (0ms)
			DisableScriptedObjects (0ms)
			BackupInstance (0ms)
			ReleaseScriptingObjects (0ms)
			CreateAndSetChildDomain (1ms)
		EndReloadAssembly (1037ms)
			LoadAssemblies (215ms)
			RebuildTransferFunctionScriptingTraits (0ms)
			SetupTypeCache (247ms)
			ReleaseScriptCaches (0ms)
			RebuildScriptCaches (60ms)
			SetupLoadedEditorAssemblies (611ms)
				LogAssemblyErrors (0ms)
				InitializePlatformSupportModulesInManaged (112ms)
				SetLoadedEditorAssemblies (0ms)
				RefreshPlugins (205ms)
				BeforeProcessingInitializeOnLoad (3ms)
				ProcessInitializeOnLoadAttributes (200ms)
				ProcessInitializeOnLoadMethodAttributes (90ms)
				AfterProcessingInitializeOnLoad (0ms)
				EditorAssembliesLoaded (0ms)
			ExecutionOrderSort2 (0ms)
			AwakeInstancesAfterBackupRestoration (0ms)
Platform modules already initialized, skipping
Registering precompiled user dll's ...
Registered in 0.029120 seconds.
Begin MonoManager ReloadAssembly
Symbol file LoadedFromMemory doesn't match image C:\Users\xjuli\Escritorio\Programacion\Unity\Reproductor\Library\PackageCache\com.unity.visualscripting@1.7.8\Editor\VisualScripting.Core\Dependencies\YamlDotNet\Unity.VisualScripting.YamlDotNet.dll
Symbol file LoadedFromMemory doesn't match image C:\Users\xjuli\Escritorio\Programacion\Unity\Reproductor\Library\PackageCache\com.unity.visualscripting@1.7.8\Editor\VisualScripting.Core\Dependencies\DotNetZip\Unity.VisualScripting.IonicZip.dll
Native extension for WindowsStandalone target not found
Native extension for Android target not found
Refreshing native plugins compatible for Editor in 168.29 ms, found 5 plugins.
Preloading 0 native plugins for Editor in 0.00 ms.
Mono: successfully reloaded assembly
- Completed reload, in  2.959 seconds
Domain Reload Profiling:
	ReloadAssembly (2960ms)
		BeginReloadAssembly (374ms)
			ExecutionOrderSort (0ms)
			DisableScriptedObjects (12ms)
			BackupInstance (0ms)
			ReleaseScriptingObjects (0ms)
			CreateAndSetChildDomain (147ms)
		EndReloadAssembly (2292ms)
			LoadAssemblies (228ms)
			RebuildTransferFunctionScriptingTraits (0ms)
			SetupTypeCache (829ms)
			ReleaseScriptCaches (1ms)
			RebuildScriptCaches (143ms)
			SetupLoadedEditorAssemblies (1011ms)
				LogAssemblyErrors (0ms)
				InitializePlatformSupportModulesInManaged (27ms)
				SetLoadedEditorAssemblies (0ms)
				RefreshPlugins (168ms)
				BeforeProcessingInitializeOnLoad (208ms)
				ProcessInitializeOnLoadAttributes (502ms)
				ProcessInitializeOnLoadMethodAttributes (80ms)
				AfterProcessingInitializeOnLoad (24ms)
				EditorAssembliesLoaded (0ms)
			ExecutionOrderSort2 (0ms)
			AwakeInstancesAfterBackupRestoration (11ms)
Platform modules already initialized, skipping
========================================================================
Worker process is ready to serve import requests
Launched and connected shader compiler UnityShaderCompiler.exe after 0.08 seconds
Refreshing native plugins compatible for Editor in 1.59 ms, found 5 plugins.
Preloading 0 native plugins for Editor in 0.00 ms.
Unloading 4111 Unused Serialized files (Serialized files now loaded: 0)
Unloading 53 unused Assets / (199.8 KB). Loaded Objects now: 4556.
Memory consumption went from 155.0 MB to 154.8 MB.
Total: 17.361500 ms (FindLiveObjects: 3.337200 ms CreateObjectMapping: 0.974900 ms MarkObjects: 12.589400 ms  DeleteObjects: 0.393800 ms)

AssetImportParameters requested are different than current active one (requested -> active):
  custom:video-decoder-ogg-theora: a1e56fd34408186e4bbccfd4996cb3dc -> 
  custom:container-muxer-webm: aa71ff27fc2769a1b78a27578f13a17b -> 
  custom:container-demuxer-webm: 4f35f7cbe854078d1ac9338744f61a02 -> 
  custom:video-encoder-webm-vp8: eb34c28f22e8b96e1ab97ce403110664 -> 
  custom:audio-encoder-webm-vorbis: bf7c407c2cedff20999df2af8eb42d56 -> 
  custom:framework-win-MediaFoundation: 216162199b28c13a410421893ffa2e32 -> 
  custom:container-demuxer-ogg: 62fdf1f143b41e24485cea50d1cbac27 -> 
  custom:video-decoder-webm-vp8: 9c59270c3fd7afecdb556c50c9e8de78 -> 
  custom:audio-decoder-ogg-vorbis: bf7c407c2cedff20999df2af8eb42d56 -> 
========================================================================
Received Import Request.
  Time since last request: 1394551.986673 seconds.
  path: Assets/Plugins/SimpleFileBrowser/Sprites/SimpleFileBrowserSlicedBackground1.psd
  artifactKey: Guid(f668f62689b67d242ad33ff665594344) Importer(815301076,1909f56bfc062723c751e8b465ee728b)
Start importing Assets/Plugins/SimpleFileBrowser/Sprites/SimpleFileBrowserSlicedBackground1.psd using Guid(f668f62689b67d242ad33ff665594344) Importer(815301076,1909f56bfc062723c751e8b465ee728b)  -> (artifact id: 'cadb7b9d914a9a58c0df3397fe8852c5') in 0.309372 seconds 
========================================================================
Received Import Request.
  Time since last request: 0.000028 seconds.
  path: Assets/Plugins/SimpleFileBrowser/Sprites/FileIcons/VideoFileIcon.png
  artifactKey: Guid(53a62df1d392a10498ec79719f8eef1f) Importer(815301076,1909f56bfc062723c751e8b465ee728b)
Start importing Assets/Plugins/SimpleFileBrowser/Sprites/FileIcons/VideoFileIcon.png using Guid(53a62df1d392a10498ec79719f8eef1f) Importer(815301076,1909f56bfc062723c751e8b465ee728b)  -> (artifact id: '415522c3ea78e48dcbd947914dae49ca') in 0.048487 seconds 
========================================================================
Received Import Request.
  Time since last request: 0.000036 seconds.
  path: Assets/Plugins/SimpleFileBrowser/Sprites/SimpleFileBrowserMoreOptions.psd
  artifactKey: Guid(3eb0ab0fddc930a498bef8ce7e149ea0) Importer(815301076,1909f56bfc062723c751e8b465ee728b)
Start importing Assets/Plugins/SimpleFileBrowser/Sprites/SimpleFileBrowserMoreOptions.psd using Guid(3eb0ab0fddc930a498bef8ce7e149ea0) Importer(815301076,1909f56bfc062723c751e8b465ee728b)  -> (artifact id: 'b32b638cdc69aeee02eb950d0f5b33e8') in 0.041449 seconds 
========================================================================
Received Import Request.
  Time since last request: 0.000024 seconds.
  path: Assets/Plugins/SimpleFileBrowser/Sprites/SimpleFileBrowserDrag.psd
  artifactKey: Guid(285f1e681b119ce48ae469448241360b) Importer(815301076,1909f56bfc062723c751e8b465ee728b)
Start importing Assets/Plugins/SimpleFileBrowser/Sprites/SimpleFileBrowserDrag.psd using Guid(285f1e681b119ce48ae469448241360b) Importer(815301076,1909f56bfc062723c751e8b465ee728b)  -> (artifact id: '6a11c610236e04044c83c18f6b390a30') in 0.034984 seconds 
========================================================================
Received Import Request.
  Time since last request: 0.000029 seconds.
  path: Assets/Plugins/SimpleFileBrowser/Sprites/SimpleFileBrowserSlicedBackground5.psd
  artifactKey: Guid(2c46fa192de46b04e8281f225bee0230) Importer(815301076,1909f56bfc062723c751e8b465ee728b)
Start importing Assets/Plugins/SimpleFileBrowser/Sprites/SimpleFileBrowserSlicedBackground5.psd using Guid(2c46fa192de46b04e8281f225bee0230) Importer(815301076,1909f56bfc062723c751e8b465ee728b)  -> (artifact id: '3a65383600d8320aa755f7a77388c761') in 0.035727 seconds 
========================================================================
Received Import Request.
  Time since last request: 24.585100 seconds.
  path: Assets/106706630_p0.jpg
  artifactKey: Guid(00d9b50b718a22f47ad19cc7d8551a12) Importer(815301076,1909f56bfc062723c751e8b465ee728b)
Start importing Assets/106706630_p0.jpg using Guid(00d9b50b718a22f47ad19cc7d8551a12) Importer(815301076,1909f56bfc062723c751e8b465ee728b)  -> (artifact id: '9cd033a01837d976f05958851edc35f8') in 0.399019 seconds 
========================================================================
Received Prepare
Registering precompiled user dll's ...
Registered in 0.024548 seconds.
Begin MonoManager ReloadAssembly
Symbol file LoadedFromMemory doesn't match image C:\Users\xjuli\Escritorio\Programacion\Unity\Reproductor\Library\PackageCache\com.unity.visualscripting@1.7.8\Editor\VisualScripting.Core\Dependencies\YamlDotNet\Unity.VisualScripting.YamlDotNet.dll
Symbol file LoadedFromMemory doesn't match image C:\Users\xjuli\Escritorio\Programacion\Unity\Reproductor\Library\PackageCache\com.unity.visualscripting@1.7.8\Editor\VisualScripting.Core\Dependencies\DotNetZip\Unity.VisualScripting.IonicZip.dll
Native extension for WindowsStandalone target not found
Native extension for Android target not found
Refreshing native plugins compatible for Editor in 1.52 ms, found 5 plugins.
Preloading 0 native plugins for Editor in 0.00 ms.
Mono: successfully reloaded assembly
- Completed reload, in  2.330 seconds
Domain Reload Profiling:
	ReloadAssembly (2331ms)
		BeginReloadAssembly (304ms)
			ExecutionOrderSort (0ms)
			DisableScriptedObjects (13ms)
			BackupInstance (0ms)
			ReleaseScriptingObjects (0ms)
			CreateAndSetChildDomain (88ms)
		EndReloadAssembly (1770ms)
			LoadAssemblies (218ms)
			RebuildTransferFunctionScriptingTraits (0ms)
			SetupTypeCache (576ms)
			ReleaseScriptCaches (4ms)
			RebuildScriptCaches (115ms)
			SetupLoadedEditorAssemblies (778ms)
				LogAssemblyErrors (0ms)
				InitializePlatformSupportModulesInManaged (49ms)
				SetLoadedEditorAssemblies (1ms)
				RefreshPlugins (2ms)
				BeforeProcessingInitializeOnLoad (188ms)
				ProcessInitializeOnLoadAttributes (440ms)
				ProcessInitializeOnLoadMethodAttributes (73ms)
				AfterProcessingInitializeOnLoad (25ms)
				EditorAssembliesLoaded (0ms)
			ExecutionOrderSort2 (0ms)
			AwakeInstancesAfterBackupRestoration (15ms)
Platform modules already initialized, skipping
Refreshing native plugins compatible for Editor in 8.06 ms, found 5 plugins.
Preloading 0 native plugins for Editor in 0.00 ms.
Unloading 4092 Unused Serialized files (Serialized files now loaded: 0)
Unloading 41 unused Assets / (166.4 KB). Loaded Objects now: 4572.
Memory consumption went from 157.9 MB to 157.7 MB.
Total: 5.206000 ms (FindLiveObjects: 0.402500 ms CreateObjectMapping: 0.220800 ms MarkObjects: 4.357500 ms  DeleteObjects: 0.223600 ms)

AssetImportParameters requested are different than current active one (requested -> active):
  custom:video-decoder-ogg-theora: a1e56fd34408186e4bbccfd4996cb3dc -> 
  custom:container-muxer-webm: aa71ff27fc2769a1b78a27578f13a17b -> 
  custom:container-demuxer-webm: 4f35f7cbe854078d1ac9338744f61a02 -> 
  custom:video-encoder-webm-vp8: eb34c28f22e8b96e1ab97ce403110664 -> 
  custom:audio-encoder-webm-vorbis: bf7c407c2cedff20999df2af8eb42d56 -> 
  custom:framework-win-MediaFoundation: 216162199b28c13a410421893ffa2e32 -> 
  custom:container-demuxer-ogg: 62fdf1f143b41e24485cea50d1cbac27 -> 
  custom:video-decoder-webm-vp8: 9c59270c3fd7afecdb556c50c9e8de78 -> 
  custom:audio-decoder-ogg-vorbis: bf7c407c2cedff20999df2af8eb42d56 -> 
========================================================================
Received Prepare
Refreshing native plugins compatible for Editor in 19.51 ms, found 5 plugins.
Preloading 0 native plugins for Editor in 0.00 ms.
Unloading 40 Unused Serialized files (Serialized files now loaded: 0)
Unloading 40 unused Assets / (163.8 KB). Loaded Objects now: 4572.
Memory consumption went from 76.8 MB to 76.7 MB.
Total: 5.845300 ms (FindLiveObjects: 0.422300 ms CreateObjectMapping: 0.236400 ms MarkObjects: 4.957100 ms  DeleteObjects: 0.228100 ms)

AssetImportParameters requested are different than current active one (requested -> active):
  custom:video-decoder-ogg-theora: a1e56fd34408186e4bbccfd4996cb3dc -> 
  custom:container-muxer-webm: aa71ff27fc2769a1b78a27578f13a17b -> 
  custom:container-demuxer-webm: 4f35f7cbe854078d1ac9338744f61a02 -> 
  custom:video-encoder-webm-vp8: eb34c28f22e8b96e1ab97ce403110664 -> 
  custom:audio-encoder-webm-vorbis: bf7c407c2cedff20999df2af8eb42d56 -> 
  custom:framework-win-MediaFoundation: 216162199b28c13a410421893ffa2e32 -> 
  custom:container-demuxer-ogg: 62fdf1f143b41e24485cea50d1cbac27 -> 
  custom:video-decoder-webm-vp8: 9c59270c3fd7afecdb556c50c9e8de78 -> 
  custom:audio-decoder-ogg-vorbis: bf7c407c2cedff20999df2af8eb42d56 -> 
========================================================================
Received Prepare
Refreshing native plugins compatible for Editor in 18.16 ms, found 5 plugins.
Preloading 0 native plugins for Editor in 0.00 ms.
Unloading 40 Unused Serialized files (Serialized files now loaded: 0)
Unloading 40 unused Assets / (164.8 KB). Loaded Objects now: 4572.
Memory consumption went from 76.7 MB to 76.5 MB.
Total: 7.538700 ms (FindLiveObjects: 0.639600 ms CreateObjectMapping: 0.559900 ms MarkObjects: 6.106000 ms  DeleteObjects: 0.232300 ms)

AssetImportParameters requested are different than current active one (requested -> active):
  custom:video-decoder-ogg-theora: a1e56fd34408186e4bbccfd4996cb3dc -> 
  custom:container-muxer-webm: aa71ff27fc2769a1b78a27578f13a17b -> 
  custom:container-demuxer-webm: 4f35f7cbe854078d1ac9338744f61a02 -> 
  custom:video-encoder-webm-vp8: eb34c28f22e8b96e1ab97ce403110664 -> 
  custom:audio-encoder-webm-vorbis: bf7c407c2cedff20999df2af8eb42d56 -> 
  custom:framework-win-MediaFoundation: 216162199b28c13a410421893ffa2e32 -> 
  custom:container-demuxer-ogg: 62fdf1f143b41e24485cea50d1cbac27 -> 
  custom:video-decoder-webm-vp8: 9c59270c3fd7afecdb556c50c9e8de78 -> 
  custom:audio-decoder-ogg-vorbis: bf7c407c2cedff20999df2af8eb42d56 -> 
========================================================================
Received Prepare
Refreshing native plugins compatible for Editor in 20.32 ms, found 5 plugins.
Preloading 0 native plugins for Editor in 0.00 ms.
Unloading 40 Unused Serialized files (Serialized files now loaded: 0)
Unloading 40 unused Assets / (163.7 KB). Loaded Objects now: 4572.
Memory consumption went from 76.7 MB to 76.5 MB.
Total: 6.004600 ms (FindLiveObjects: 0.409700 ms CreateObjectMapping: 0.216400 ms MarkObjects: 5.137500 ms  DeleteObjects: 0.239500 ms)

AssetImportParameters requested are different than current active one (requested -> active):
  custom:video-decoder-ogg-theora: a1e56fd34408186e4bbccfd4996cb3dc -> 
  custom:container-muxer-webm: aa71ff27fc2769a1b78a27578f13a17b -> 
  custom:container-demuxer-webm: 4f35f7cbe854078d1ac9338744f61a02 -> 
  custom:video-encoder-webm-vp8: eb34c28f22e8b96e1ab97ce403110664 -> 
  custom:audio-encoder-webm-vorbis: bf7c407c2cedff20999df2af8eb42d56 -> 
  custom:framework-win-MediaFoundation: 216162199b28c13a410421893ffa2e32 -> 
  custom:container-demuxer-ogg: 62fdf1f143b41e24485cea50d1cbac27 -> 
  custom:video-decoder-webm-vp8: 9c59270c3fd7afecdb556c50c9e8de78 -> 
  custom:audio-decoder-ogg-vorbis: bf7c407c2cedff20999df2af8eb42d56 -> 
========================================================================
Received Import Request.
  Time since last request: 900.867714 seconds.
  path: Assets/106706630_p0.jpg
  artifactKey: Guid(00d9b50b718a22f47ad19cc7d8551a12) Importer(815301076,1909f56bfc062723c751e8b465ee728b)
Start importing Assets/106706630_p0.jpg using Guid(00d9b50b718a22f47ad19cc7d8551a12) Importer(815301076,1909f56bfc062723c751e8b465ee728b)  -> (artifact id: '87a0b274ad0056547c44d3f08fd353b1') in 0.954438 seconds 
========================================================================
Received Prepare
Registering precompiled user dll's ...
Registered in 0.030025 seconds.
Begin MonoManager ReloadAssembly
Symbol file LoadedFromMemory doesn't match image C:\Users\xjuli\Escritorio\Programacion\Unity\Reproductor\Library\PackageCache\com.unity.visualscripting@1.7.8\Editor\VisualScripting.Core\Dependencies\YamlDotNet\Unity.VisualScripting.YamlDotNet.dll
Symbol file LoadedFromMemory doesn't match image C:\Users\xjuli\Escritorio\Programacion\Unity\Reproductor\Library\PackageCache\com.unity.visualscripting@1.7.8\Editor\VisualScripting.Core\Dependencies\DotNetZip\Unity.VisualScripting.IonicZip.dll
Native extension for WindowsStandalone target not found
Native extension for Android target not found
Refreshing native plugins compatible for Editor in 1.44 ms, found 5 plugins.
Preloading 0 native plugins for Editor in 0.00 ms.
Mono: successfully reloaded assembly
- Completed reload, in  2.271 seconds
Domain Reload Profiling:
	ReloadAssembly (2272ms)
		BeginReloadAssembly (355ms)
			ExecutionOrderSort (0ms)
			DisableScriptedObjects (13ms)
			BackupInstance (0ms)
			ReleaseScriptingObjects (0ms)
			CreateAndSetChildDomain (103ms)
		EndReloadAssembly (1678ms)
			LoadAssemblies (265ms)
			RebuildTransferFunctionScriptingTraits (0ms)
			SetupTypeCache (566ms)
			ReleaseScriptCaches (2ms)
			RebuildScriptCaches (95ms)
			SetupLoadedEditorAssemblies (709ms)
				LogAssemblyErrors (0ms)
				InitializePlatformSupportModulesInManaged (45ms)
				SetLoadedEditorAssemblies (1ms)
				RefreshPlugins (2ms)
				BeforeProcessingInitializeOnLoad (176ms)
				ProcessInitializeOnLoadAttributes (386ms)
				ProcessInitializeOnLoadMethodAttributes (75ms)
				AfterProcessingInitializeOnLoad (24ms)
				EditorAssembliesLoaded (0ms)
			ExecutionOrderSort2 (0ms)
			AwakeInstancesAfterBackupRestoration (15ms)
Platform modules already initialized, skipping
Refreshing native plugins compatible for Editor in 7.60 ms, found 5 plugins.
Preloading 0 native plugins for Editor in 0.00 ms.
Unloading 4092 Unused Serialized files (Serialized files now loaded: 0)
Unloading 40 unused Assets / (166.5 KB). Loaded Objects now: 4575.
Memory consumption went from 157.7 MB to 157.6 MB.
Total: 5.504400 ms (FindLiveObjects: 0.420000 ms CreateObjectMapping: 0.207900 ms MarkObjects: 4.644500 ms  DeleteObjects: 0.228400 ms)

AssetImportParameters requested are different than current active one (requested -> active):
  custom:video-decoder-ogg-theora: a1e56fd34408186e4bbccfd4996cb3dc -> 
  custom:container-muxer-webm: aa71ff27fc2769a1b78a27578f13a17b -> 
  custom:container-demuxer-webm: 4f35f7cbe854078d1ac9338744f61a02 -> 
  custom:video-encoder-webm-vp8: eb34c28f22e8b96e1ab97ce403110664 -> 
  custom:audio-encoder-webm-vorbis: bf7c407c2cedff20999df2af8eb42d56 -> 
  custom:framework-win-MediaFoundation: 216162199b28c13a410421893ffa2e32 -> 
  custom:container-demuxer-ogg: 62fdf1f143b41e24485cea50d1cbac27 -> 
  custom:video-decoder-webm-vp8: 9c59270c3fd7afecdb556c50c9e8de78 -> 
  custom:audio-decoder-ogg-vorbis: bf7c407c2cedff20999df2af8eb42d56 -> 
========================================================================
Received Prepare
Refreshing native plugins compatible for Editor in 17.36 ms, found 5 plugins.
Preloading 0 native plugins for Editor in 0.00 ms.
Unloading 40 Unused Serialized files (Serialized files now loaded: 0)
Unloading 40 unused Assets / (163.9 KB). Loaded Objects now: 4575.
Memory consumption went from 76.7 MB to 76.5 MB.
Total: 5.586800 ms (FindLiveObjects: 0.440700 ms CreateObjectMapping: 0.240300 ms MarkObjects: 4.673800 ms  DeleteObjects: 0.231000 ms)

AssetImportParameters requested are different than current active one (requested -> active):
  custom:video-decoder-ogg-theora: a1e56fd34408186e4bbccfd4996cb3dc -> 
  custom:container-muxer-webm: aa71ff27fc2769a1b78a27578f13a17b -> 
  custom:container-demuxer-webm: 4f35f7cbe854078d1ac9338744f61a02 -> 
  custom:video-encoder-webm-vp8: eb34c28f22e8b96e1ab97ce403110664 -> 
  custom:audio-encoder-webm-vorbis: bf7c407c2cedff20999df2af8eb42d56 -> 
  custom:framework-win-MediaFoundation: 216162199b28c13a410421893ffa2e32 -> 
  custom:container-demuxer-ogg: 62fdf1f143b41e24485cea50d1cbac27 -> 
  custom:video-decoder-webm-vp8: 9c59270c3fd7afecdb556c50c9e8de78 -> 
  custom:audio-decoder-ogg-vorbis: bf7c407c2cedff20999df2af8eb42d56 -> 
========================================================================
Received Prepare
Refreshing native plugins compatible for Editor in 18.14 ms, found 5 plugins.
Preloading 0 native plugins for Editor in 0.00 ms.
Unloading 40 Unused Serialized files (Serialized files now loaded: 0)
Unloading 40 unused Assets / (164.9 KB). Loaded Objects now: 4575.
Memory consumption went from 76.7 MB to 76.5 MB.
Total: 6.163700 ms (FindLiveObjects: 0.446000 ms CreateObjectMapping: 0.234000 ms MarkObjects: 5.225700 ms  DeleteObjects: 0.256800 ms)

AssetImportParameters requested are different than current active one (requested -> active):
  custom:video-decoder-ogg-theora: a1e56fd34408186e4bbccfd4996cb3dc -> 
  custom:container-muxer-webm: aa71ff27fc2769a1b78a27578f13a17b -> 
  custom:container-demuxer-webm: 4f35f7cbe854078d1ac9338744f61a02 -> 
  custom:video-encoder-webm-vp8: eb34c28f22e8b96e1ab97ce403110664 -> 
  custom:audio-encoder-webm-vorbis: bf7c407c2cedff20999df2af8eb42d56 -> 
  custom:framework-win-MediaFoundation: 216162199b28c13a410421893ffa2e32 -> 
  custom:container-demuxer-ogg: 62fdf1f143b41e24485cea50d1cbac27 -> 
  custom:video-decoder-webm-vp8: 9c59270c3fd7afecdb556c50c9e8de78 -> 
  custom:audio-decoder-ogg-vorbis: bf7c407c2cedff20999df2af8eb42d56 -> 
========================================================================
Received Prepare
Refreshing native plugins compatible for Editor in 20.88 ms, found 5 plugins.
Preloading 0 native plugins for Editor in 0.00 ms.
Unloading 40 Unused Serialized files (Serialized files now loaded: 0)
Unloading 40 unused Assets / (163.9 KB). Loaded Objects now: 4575.
Memory consumption went from 76.7 MB to 76.5 MB.
Total: 6.279100 ms (FindLiveObjects: 0.423800 ms CreateObjectMapping: 0.239300 ms MarkObjects: 5.322500 ms  DeleteObjects: 0.291200 ms)

AssetImportParameters requested are different than current active one (requested -> active):
  custom:video-decoder-ogg-theora: a1e56fd34408186e4bbccfd4996cb3dc -> 
  custom:container-muxer-webm: aa71ff27fc2769a1b78a27578f13a17b -> 
  custom:container-demuxer-webm: 4f35f7cbe854078d1ac9338744f61a02 -> 
  custom:video-encoder-webm-vp8: eb34c28f22e8b96e1ab97ce403110664 -> 
  custom:audio-encoder-webm-vorbis: bf7c407c2cedff20999df2af8eb42d56 -> 
  custom:framework-win-MediaFoundation: 216162199b28c13a410421893ffa2e32 -> 
  custom:container-demuxer-ogg: 62fdf1f143b41e24485cea50d1cbac27 -> 
  custom:video-decoder-webm-vp8: 9c59270c3fd7afecdb556c50c9e8de78 -> 
  custom:audio-decoder-ogg-vorbis: bf7c407c2cedff20999df2af8eb42d56 -> 
========================================================================
Received Prepare
Refreshing native plugins compatible for Editor in 18.77 ms, found 5 plugins.
Preloading 0 native plugins for Editor in 0.00 ms.
Unloading 40 Unused Serialized files (Serialized files now loaded: 0)
Unloading 40 unused Assets / (164.9 KB). Loaded Objects now: 4575.
Memory consumption went from 76.7 MB to 76.5 MB.
Total: 6.344800 ms (FindLiveObjects: 0.412700 ms CreateObjectMapping: 0.213000 ms MarkObjects: 5.457900 ms  DeleteObjects: 0.259600 ms)

AssetImportParameters requested are different than current active one (requested -> active):
  custom:video-decoder-ogg-theora: a1e56fd34408186e4bbccfd4996cb3dc -> 
  custom:container-muxer-webm: aa71ff27fc2769a1b78a27578f13a17b -> 
  custom:container-demuxer-webm: 4f35f7cbe854078d1ac9338744f61a02 -> 
  custom:video-encoder-webm-vp8: eb34c28f22e8b96e1ab97ce403110664 -> 
  custom:audio-encoder-webm-vorbis: bf7c407c2cedff20999df2af8eb42d56 -> 
  custom:framework-win-MediaFoundation: 216162199b28c13a410421893ffa2e32 -> 
  custom:container-demuxer-ogg: 62fdf1f143b41e24485cea50d1cbac27 -> 
  custom:video-decoder-webm-vp8: 9c59270c3fd7afecdb556c50c9e8de78 -> 
  custom:audio-decoder-ogg-vorbis: bf7c407c2cedff20999df2af8eb42d56 -> 
========================================================================
Received Prepare
Refreshing native plugins compatible for Editor in 18.45 ms, found 5 plugins.
Preloading 0 native plugins for Editor in 0.00 ms.
Unloading 40 Unused Serialized files (Serialized files now loaded: 0)
Unloading 40 unused Assets / (164.0 KB). Loaded Objects now: 4575.
Memory consumption went from 76.8 MB to 76.7 MB.
Total: 6.476400 ms (FindLiveObjects: 0.408400 ms CreateObjectMapping: 0.214200 ms MarkObjects: 5.578200 ms  DeleteObjects: 0.273900 ms)

AssetImportParameters requested are different than current active one (requested -> active):
  custom:video-decoder-ogg-theora: a1e56fd34408186e4bbccfd4996cb3dc -> 
  custom:container-muxer-webm: aa71ff27fc2769a1b78a27578f13a17b -> 
  custom:container-demuxer-webm: 4f35f7cbe854078d1ac9338744f61a02 -> 
  custom:video-encoder-webm-vp8: eb34c28f22e8b96e1ab97ce403110664 -> 
  custom:audio-encoder-webm-vorbis: bf7c407c2cedff20999df2af8eb42d56 -> 
  custom:framework-win-MediaFoundation: 216162199b28c13a410421893ffa2e32 -> 
  custom:container-demuxer-ogg: 62fdf1f143b41e24485cea50d1cbac27 -> 
  custom:video-decoder-webm-vp8: 9c59270c3fd7afecdb556c50c9e8de78 -> 
  custom:audio-decoder-ogg-vorbis: bf7c407c2cedff20999df2af8eb42d56 -> 
========================================================================
Received Prepare
Refreshing native plugins compatible for Editor in 20.37 ms, found 5 plugins.
Preloading 0 native plugins for Editor in 0.00 ms.
Unloading 40 Unused Serialized files (Serialized files now loaded: 0)
Unloading 40 unused Assets / (164.8 KB). Loaded Objects now: 4575.
Memory consumption went from 76.8 MB to 76.7 MB.
Total: 5.583500 ms (FindLiveObjects: 0.436800 ms CreateObjectMapping: 0.216400 ms MarkObjects: 4.698800 ms  DeleteObjects: 0.230200 ms)

AssetImportParameters requested are different than current active one (requested -> active):
  custom:video-decoder-ogg-theora: a1e56fd34408186e4bbccfd4996cb3dc -> 
  custom:container-muxer-webm: aa71ff27fc2769a1b78a27578f13a17b -> 
  custom:container-demuxer-webm: 4f35f7cbe854078d1ac9338744f61a02 -> 
  custom:video-encoder-webm-vp8: eb34c28f22e8b96e1ab97ce403110664 -> 
  custom:audio-encoder-webm-vorbis: bf7c407c2cedff20999df2af8eb42d56 -> 
  custom:framework-win-MediaFoundation: 216162199b28c13a410421893ffa2e32 -> 
  custom:container-demuxer-ogg: 62fdf1f143b41e24485cea50d1cbac27 -> 
  custom:video-decoder-webm-vp8: 9c59270c3fd7afecdb556c50c9e8de78 -> 
  custom:audio-decoder-ogg-vorbis: bf7c407c2cedff20999df2af8eb42d56 -> 
========================================================================
Received Prepare
Registering precompiled user dll's ...
Registered in 0.029438 seconds.
Begin MonoManager ReloadAssembly
Symbol file LoadedFromMemory doesn't match image C:\Users\xjuli\Escritorio\Programacion\Unity\Reproductor\Library\PackageCache\com.unity.visualscripting@1.7.8\Editor\VisualScripting.Core\Dependencies\YamlDotNet\Unity.VisualScripting.YamlDotNet.dll
Symbol file LoadedFromMemory doesn't match image C:\Users\xjuli\Escritorio\Programacion\Unity\Reproductor\Library\PackageCache\com.unity.visualscripting@1.7.8\Editor\VisualScripting.Core\Dependencies\DotNetZip\Unity.VisualScripting.IonicZip.dll
Native extension for WindowsStandalone target not found
Native extension for Android target not found
Refreshing native plugins compatible for Editor in 1.52 ms, found 5 plugins.
Preloading 0 native plugins for Editor in 0.00 ms.
Mono: successfully reloaded assembly
- Completed reload, in  2.119 seconds
Domain Reload Profiling:
	ReloadAssembly (2120ms)
		BeginReloadAssembly (263ms)
			ExecutionOrderSort (0ms)
			DisableScriptedObjects (19ms)
			BackupInstance (0ms)
			ReleaseScriptingObjects (0ms)
			CreateAndSetChildDomain (64ms)
		EndReloadAssembly (1636ms)
			LoadAssemblies (196ms)
			RebuildTransferFunctionScriptingTraits (0ms)
			SetupTypeCache (544ms)
			ReleaseScriptCaches (2ms)
			RebuildScriptCaches (89ms)
			SetupLoadedEditorAssemblies (707ms)
				LogAssemblyErrors (0ms)
				InitializePlatformSupportModulesInManaged (44ms)
				SetLoadedEditorAssemblies (1ms)
				RefreshPlugins (2ms)
				BeforeProcessingInitializeOnLoad (164ms)
				ProcessInitializeOnLoadAttributes (397ms)
				ProcessInitializeOnLoadMethodAttributes (72ms)
				AfterProcessingInitializeOnLoad (27ms)
				EditorAssembliesLoaded (0ms)
			ExecutionOrderSort2 (0ms)
			AwakeInstancesAfterBackupRestoration (17ms)
Platform modules already initialized, skipping
Refreshing native plugins compatible for Editor in 7.04 ms, found 5 plugins.
Preloading 0 native plugins for Editor in 0.00 ms.
Unloading 4092 Unused Serialized files (Serialized files now loaded: 0)
Unloading 40 unused Assets / (167.3 KB). Loaded Objects now: 4578.
Memory consumption went from 157.9 MB to 157.7 MB.
Total: 5.305100 ms (FindLiveObjects: 0.405200 ms CreateObjectMapping: 0.215400 ms MarkObjects: 4.459000 ms  DeleteObjects: 0.224100 ms)

AssetImportParameters requested are different than current active one (requested -> active):
  custom:video-decoder-ogg-theora: a1e56fd34408186e4bbccfd4996cb3dc -> 
  custom:container-muxer-webm: aa71ff27fc2769a1b78a27578f13a17b -> 
  custom:container-demuxer-webm: 4f35f7cbe854078d1ac9338744f61a02 -> 
  custom:video-encoder-webm-vp8: eb34c28f22e8b96e1ab97ce403110664 -> 
  custom:audio-encoder-webm-vorbis: bf7c407c2cedff20999df2af8eb42d56 -> 
  custom:framework-win-MediaFoundation: 216162199b28c13a410421893ffa2e32 -> 
  custom:container-demuxer-ogg: 62fdf1f143b41e24485cea50d1cbac27 -> 
  custom:video-decoder-webm-vp8: 9c59270c3fd7afecdb556c50c9e8de78 -> 
  custom:audio-decoder-ogg-vorbis: bf7c407c2cedff20999df2af8eb42d56 -> 
========================================================================
Received Prepare
Refreshing native plugins compatible for Editor in 117.76 ms, found 5 plugins.
Preloading 0 native plugins for Editor in 0.00 ms.
Unloading 40 Unused Serialized files (Serialized files now loaded: 0)
Unloading 40 unused Assets / (164.8 KB). Loaded Objects now: 4578.
Memory consumption went from 76.8 MB to 76.7 MB.
Total: 9.760200 ms (FindLiveObjects: 0.690800 ms CreateObjectMapping: 1.032100 ms MarkObjects: 7.699000 ms  DeleteObjects: 0.336500 ms)

AssetImportParameters requested are different than current active one (requested -> active):
  custom:video-decoder-ogg-theora: a1e56fd34408186e4bbccfd4996cb3dc -> 
  custom:container-muxer-webm: aa71ff27fc2769a1b78a27578f13a17b -> 
  custom:container-demuxer-webm: 4f35f7cbe854078d1ac9338744f61a02 -> 
  custom:video-encoder-webm-vp8: eb34c28f22e8b96e1ab97ce403110664 -> 
  custom:audio-encoder-webm-vorbis: bf7c407c2cedff20999df2af8eb42d56 -> 
  custom:framework-win-MediaFoundation: 216162199b28c13a410421893ffa2e32 -> 
  custom:container-demuxer-ogg: 62fdf1f143b41e24485cea50d1cbac27 -> 
  custom:video-decoder-webm-vp8: 9c59270c3fd7afecdb556c50c9e8de78 -> 
  custom:audio-decoder-ogg-vorbis: bf7c407c2cedff20999df2af8eb42d56 -> 
========================================================================
Received Import Request.
  Time since last request: 1952.671990 seconds.
  path: Assets/Play.cs
  artifactKey: Guid(e55ad5e7889717b49b71e600ece79a92) Importer(815301076,1909f56bfc062723c751e8b465ee728b)
Start importing Assets/Play.cs using Guid(e55ad5e7889717b49b71e600ece79a92) Importer(815301076,1909f56bfc062723c751e8b465ee728b)  -> (artifact id: '2f666c5528cc3fa69fedc5ea2f5b6eab') in 0.019988 seconds 
========================================================================
Received Import Request.
  Time since last request: 136.405970 seconds.
  path: Assets/Plugins/System.Data.dll
  artifactKey: Guid(eadbf0c595a18214e8f4fc291a09e75d) Importer(815301076,1909f56bfc062723c751e8b465ee728b)
Start importing Assets/Plugins/System.Data.dll using Guid(eadbf0c595a18214e8f4fc291a09e75d) Importer(815301076,1909f56bfc062723c751e8b465ee728b)  -> (artifact id: '2b095975c728e71c7288ed28bb894531') in 0.014900 seconds 
========================================================================
Received Import Request.
  Time since last request: 0.005546 seconds.
  path: Assets/Plugins/SimpleFileBrowser/Scripts/FileBrowserContextMenu.cs
  artifactKey: Guid(0d5261bc2717e6143961d30ccb76fb66) Importer(815301076,1909f56bfc062723c751e8b465ee728b)
Start importing Assets/Plugins/SimpleFileBrowser/Scripts/FileBrowserContextMenu.cs using Guid(0d5261bc2717e6143961d30ccb76fb66) Importer(815301076,1909f56bfc062723c751e8b465ee728b)  -> (artifact id: '8cc0d109aa8dc0243abe26d07aec583b') in 0.010094 seconds 
========================================================================
Received Import Request.
  Time since last request: 0.006178 seconds.
  path: Assets/Plugins/SimpleFileBrowser/Scripts/FileBrowserRenamedItem.cs
  artifactKey: Guid(c7397ff7ae1ba4c47b6dfd3c84936584) Importer(815301076,1909f56bfc062723c751e8b465ee728b)
Start importing Assets/Plugins/SimpleFileBrowser/Scripts/FileBrowserRenamedItem.cs using Guid(c7397ff7ae1ba4c47b6dfd3c84936584) Importer(815301076,1909f56bfc062723c751e8b465ee728b)  -> (artifact id: '3495cab89f7af59a777fd54b8592a47f') in 0.009790 seconds 
========================================================================
Received Import Request.
  Time since last request: 0.005482 seconds.
  path: Assets/Plugins/SimpleFileBrowser/Android/FBPermissionCallbackAndroid.cs
  artifactKey: Guid(2cd91db0ba676ef47af67e3597037d1a) Importer(815301076,1909f56bfc062723c751e8b465ee728b)
Start importing Assets/Plugins/SimpleFileBrowser/Android/FBPermissionCallbackAndroid.cs using Guid(2cd91db0ba676ef47af67e3597037d1a) Importer(815301076,1909f56bfc062723c751e8b465ee728b)  -> (artifact id: 'ce043bdbf260a8dd05a22704f62ffdfe') in 0.009570 seconds 
========================================================================
Received Import Request.
  Time since last request: 0.005610 seconds.
  path: Assets/Plugins/SimpleFileBrowser/Scripts/EventSystemHandler.cs
  artifactKey: Guid(0868341868a4a4641b4d272d2fc5f538) Importer(815301076,1909f56bfc062723c751e8b465ee728b)
Start importing Assets/Plugins/SimpleFileBrowser/Scripts/EventSystemHandler.cs using Guid(0868341868a4a4641b4d272d2fc5f538) Importer(815301076,1909f56bfc062723c751e8b465ee728b)  -> (artifact id: '624b315e595e7708e1dd4402f64334d5') in 0.009579 seconds 
========================================================================
Received Import Request.
  Time since last request: 0.005852 seconds.
  path: Assets/Plugins/SimpleFileBrowser/Scripts/FileBrowser.cs
  artifactKey: Guid(f51dc09bf9e35804ba0f5e76c527025e) Importer(815301076,1909f56bfc062723c751e8b465ee728b)
Start importing Assets/Plugins/SimpleFileBrowser/Scripts/FileBrowser.cs using Guid(f51dc09bf9e35804ba0f5e76c527025e) Importer(815301076,1909f56bfc062723c751e8b465ee728b)  -> (artifact id: 'e0aed53e013d632f1cabc8e899503040') in 0.010046 seconds 
========================================================================
Received Import Request.
  Time since last request: 0.005376 seconds.
  path: Assets/Plugins/SimpleFileBrowser/Scripts/FileBrowserFileOperationConfirmationPanel.cs
  artifactKey: Guid(524a683efed82084b9a9c4a3eff23b73) Importer(815301076,1909f56bfc062723c751e8b465ee728b)
Start importing Assets/Plugins/SimpleFileBrowser/Scripts/FileBrowserFileOperationConfirmationPanel.cs using Guid(524a683efed82084b9a9c4a3eff23b73) Importer(815301076,1909f56bfc062723c751e8b465ee728b)  -> (artifact id: '853f7676790ef46ad0385cc3289f80e5') in 0.009848 seconds 
========================================================================
Received Import Request.
  Time since last request: 0.006507 seconds.
  path: Assets/Plugins/SimpleFileBrowser/Scripts/SimpleRecycledListView/IListViewAdapter.cs
  artifactKey: Guid(08e51b912648ace4784ebe20fc6cc961) Importer(815301076,1909f56bfc062723c751e8b465ee728b)
Start importing Assets/Plugins/SimpleFileBrowser/Scripts/SimpleRecycledListView/IListViewAdapter.cs using Guid(08e51b912648ace4784ebe20fc6cc961) Importer(815301076,1909f56bfc062723c751e8b465ee728b)  -> (artifact id: '8db7ae4bf3bf7ed5bc58ec2b705ab8e2') in 0.009828 seconds 
========================================================================
Received Import Request.
  Time since last request: 0.006432 seconds.
  path: Assets/Plugins/SimpleFileBrowser/Scripts/UISkin.cs
  artifactKey: Guid(66bc3ce4885990c40a88f80fe0ad0101) Importer(815301076,1909f56bfc062723c751e8b465ee728b)
Start importing Assets/Plugins/SimpleFileBrowser/Scripts/UISkin.cs using Guid(66bc3ce4885990c40a88f80fe0ad0101) Importer(815301076,1909f56bfc062723c751e8b465ee728b)  -> (artifact id: 'bbe05fc0d9176ad95ef55c1f3ef04dd6') in 0.009758 seconds 
========================================================================
Received Import Request.
  Time since last request: 0.005011 seconds.
  path: Assets/Plugins/SimpleFileBrowser/Scripts/FileBrowserItem.cs
  artifactKey: Guid(b5f1b2825c50f7b4d9be146ab2137bff) Importer(815301076,1909f56bfc062723c751e8b465ee728b)
Start importing Assets/Plugins/SimpleFileBrowser/Scripts/FileBrowserItem.cs using Guid(b5f1b2825c50f7b4d9be146ab2137bff) Importer(815301076,1909f56bfc062723c751e8b465ee728b)  -> (artifact id: 'bb91ff58fa0e3f3f47177c85c5de6d1a') in 0.009852 seconds 
========================================================================
Received Import Request.
  Time since last request: 0.005542 seconds.
  path: Assets/Plugins/SimpleFileBrowser/Scripts/FileBrowserMovement.cs
  artifactKey: Guid(46d41d79fe7c3d44ca846b4f3d81a476) Importer(815301076,1909f56bfc062723c751e8b465ee728b)
Start importing Assets/Plugins/SimpleFileBrowser/Scripts/FileBrowserMovement.cs using Guid(46d41d79fe7c3d44ca846b4f3d81a476) Importer(815301076,1909f56bfc062723c751e8b465ee728b)  -> (artifact id: 'd7a6bf06d8ea840bd0275996932bc7fd') in 0.009987 seconds 
========================================================================
Received Import Request.
  Time since last request: 0.004967 seconds.
  path: Assets/Plugins/SimpleFileBrowser/Android/FBDirectoryReceiveCallbackAndroid.cs
  artifactKey: Guid(8dec4dc5be16ca84e9c147627361671d) Importer(815301076,1909f56bfc062723c751e8b465ee728b)
Start importing Assets/Plugins/SimpleFileBrowser/Android/FBDirectoryReceiveCallbackAndroid.cs using Guid(8dec4dc5be16ca84e9c147627361671d) Importer(815301076,1909f56bfc062723c751e8b465ee728b)  -> (artifact id: '3546d2e458273e328885fb52fa8c0289') in 0.010083 seconds 
========================================================================
Received Import Request.
  Time since last request: 0.014391 seconds.
  path: Assets/Plugins/SimpleFileBrowser/Scripts/FileBrowserHelpers.cs
  artifactKey: Guid(2370e7a82ec4087499ebf7efa149e9eb) Importer(815301076,1909f56bfc062723c751e8b465ee728b)
Start importing Assets/Plugins/SimpleFileBrowser/Scripts/FileBrowserHelpers.cs using Guid(2370e7a82ec4087499ebf7efa149e9eb) Importer(815301076,1909f56bfc062723c751e8b465ee728b)  -> (artifact id: 'e383cc55dd3bf9b5d6430eb36171d954') in 0.009490 seconds 
========================================================================
Received Import Request.
  Time since last request: 0.005096 seconds.
  path: Assets/Plugins/SimpleFileBrowser/Scripts/NonDrawingGraphic.cs
  artifactKey: Guid(b4fd8cdb8c068dd4bb48c415877496ba) Importer(815301076,1909f56bfc062723c751e8b465ee728b)
Start importing Assets/Plugins/SimpleFileBrowser/Scripts/NonDrawingGraphic.cs using Guid(b4fd8cdb8c068dd4bb48c415877496ba) Importer(815301076,1909f56bfc062723c751e8b465ee728b)  -> (artifact id: '912e7c75eccf16f50b5297aba3ff3c98') in 0.010132 seconds 
========================================================================
Received Import Request.
  Time since last request: 0.006607 seconds.
  path: Assets/Plugins/SimpleFileBrowser/Scripts/SimpleRecycledListView/ListItem.cs
  artifactKey: Guid(9c3e7249b2cb96446a7ccfbed51aab81) Importer(815301076,1909f56bfc062723c751e8b465ee728b)
Start importing Assets/Plugins/SimpleFileBrowser/Scripts/SimpleRecycledListView/ListItem.cs using Guid(9c3e7249b2cb96446a7ccfbed51aab81) Importer(815301076,1909f56bfc062723c751e8b465ee728b)  -> (artifact id: '100f5589f4555c128ad53e706969cde3') in 0.010512 seconds 
========================================================================
Received Import Request.
  Time since last request: 0.015478 seconds.
  path: Assets/Plugins/SimpleFileBrowser/Scripts/FileBrowserAccessRestrictedPanel.cs
  artifactKey: Guid(85ea21be7cacb484cb6db0d183d3b2a8) Importer(815301076,1909f56bfc062723c751e8b465ee728b)
Start importing Assets/Plugins/SimpleFileBrowser/Scripts/FileBrowserAccessRestrictedPanel.cs using Guid(85ea21be7cacb484cb6db0d183d3b2a8) Importer(815301076,1909f56bfc062723c751e8b465ee728b)  -> (artifact id: '7224c8008b1deaec6154fc7d39ff33cd') in 0.010143 seconds 
========================================================================
Received Import Request.
  Time since last request: 0.006013 seconds.
  path: Assets/Plugins/System.Data.SQLite.dll
  artifactKey: Guid(32a7935a1ae16494abe11c633edd09b6) Importer(815301076,1909f56bfc062723c751e8b465ee728b)
Start importing Assets/Plugins/System.Data.SQLite.dll using Guid(32a7935a1ae16494abe11c633edd09b6) Importer(815301076,1909f56bfc062723c751e8b465ee728b)  -> (artifact id: 'ba85f55651d44dfd187f6b2e835db4e4') in 0.009288 seconds 
========================================================================
Received Import Request.
  Time since last request: 0.005508 seconds.
  path: Assets/Plugins/SimpleFileBrowser/Scripts/FileBrowserCursorHandler.cs
  artifactKey: Guid(759524cf7ef37f244bb00cd9724f0349) Importer(815301076,1909f56bfc062723c751e8b465ee728b)
Start importing Assets/Plugins/SimpleFileBrowser/Scripts/FileBrowserCursorHandler.cs using Guid(759524cf7ef37f244bb00cd9724f0349) Importer(815301076,1909f56bfc062723c751e8b465ee728b)  -> (artifact id: '239140297ab054b46aece51442721aca') in 0.009954 seconds 
========================================================================
Received Import Request.
  Time since last request: 0.005899 seconds.
  path: Assets/Plugins/SimpleFileBrowser/Scripts/SimpleRecycledListView/RecycledListView.cs
  artifactKey: Guid(87ad67b4806678e40a492e337338760b) Importer(815301076,1909f56bfc062723c751e8b465ee728b)
Start importing Assets/Plugins/SimpleFileBrowser/Scripts/SimpleRecycledListView/RecycledListView.cs using Guid(87ad67b4806678e40a492e337338760b) Importer(815301076,1909f56bfc062723c751e8b465ee728b)  -> (artifact id: '42c0a68229e5a895bfcdf98a6f28a5bb') in 0.009045 seconds 
========================================================================
Received Import Request.
  Time since last request: 0.006464 seconds.
  path: Assets/Plugins/SimpleFileBrowser/Android/FBCallbackHelper.cs
  artifactKey: Guid(997bfc59716c24c41ad03bcbd7f8ef0a) Importer(815301076,1909f56bfc062723c751e8b465ee728b)
Start importing Assets/Plugins/SimpleFileBrowser/Android/FBCallbackHelper.cs using Guid(997bfc59716c24c41ad03bcbd7f8ef0a) Importer(815301076,1909f56bfc062723c751e8b465ee728b)  -> (artifact id: '2481907b74378a24f521abd0b7585ee8') in 0.009687 seconds 
========================================================================
Received Import Request.
  Time since last request: 0.005574 seconds.
  path: Assets/Plugins/SimpleFileBrowser/Scripts/FileBrowserQuickLink.cs
  artifactKey: Guid(1f277f5418eabf94cad94208055878af) Importer(815301076,1909f56bfc062723c751e8b465ee728b)
Start importing Assets/Plugins/SimpleFileBrowser/Scripts/FileBrowserQuickLink.cs using Guid(1f277f5418eabf94cad94208055878af) Importer(815301076,1909f56bfc062723c751e8b465ee728b)  -> (artifact id: 'e02223af4322471ba7fa1127aa3d19b0') in 0.012509 seconds 
